<?xml version="1.0" encoding="UTF-8"?>
<coverage generated="1674182427817" clover="3.2.0">
  <project timestamp="1674182427817" name="All files">
    <metrics statements="36" coveredstatements="30" conditionals="12" coveredconditionals="12" methods="9" coveredmethods="8" elements="57" coveredelements="50" complexity="0" loc="36" ncloc="36" packages="1" files="1" classes="1"/>
    <file name="LinkedList.js" path="C:\Users\Kevin\Desktop\vs_studio_coding\GitHub\jest-linkedlist\LinkedList.js">
      <metrics statements="36" coveredstatements="30" conditionals="12" coveredconditionals="12" methods="9" coveredmethods="8"/>
      <line num="8" count="14" type="stmt"/>
      <line num="9" count="14" type="stmt"/>
      <line num="13" count="37" type="stmt"/>
      <line num="14" count="37" type="stmt"/>
      <line num="15" count="37" type="stmt"/>
      <line num="19" count="2" type="stmt"/>
      <line num="20" count="2" type="stmt"/>
      <line num="24" count="4" type="cond" truecount="2" falsecount="0"/>
      <line num="26" count="3" type="stmt"/>
      <line num="27" count="3" type="cond" truecount="2" falsecount="0"/>
      <line num="28" count="1" type="stmt"/>
      <line num="29" count="1" type="stmt"/>
      <line num="33" count="4" type="cond" truecount="2" falsecount="0"/>
      <line num="35" count="3" type="stmt"/>
      <line num="36" count="3" type="cond" truecount="2" falsecount="0"/>
      <line num="37" count="1" type="stmt"/>
      <line num="38" count="1" type="stmt"/>
      <line num="42" count="12" type="cond" truecount="4" falsecount="0"/>
      <line num="44" count="6" type="stmt"/>
      <line num="45" count="6" type="stmt"/>
      <line num="46" count="7" type="stmt"/>
      <line num="48" count="6" type="stmt"/>
      <line num="52" count="0" type="stmt"/>
      <line num="53" count="0" type="stmt"/>
      <line num="54" count="0" type="stmt"/>
      <line num="55" count="0" type="stmt"/>
      <line num="56" count="0" type="stmt"/>
      <line num="59" count="0" type="stmt"/>
      <line num="65" count="38" type="stmt"/>
      <line num="66" count="38" type="stmt"/>
      <line num="76" count="1" type="stmt"/>
      <line num="77" count="13" type="stmt"/>
      <line num="78" count="13" type="stmt"/>
      <line num="79" count="34" type="stmt"/>
      <line num="82" count="13" type="stmt"/>
      <line num="85" count="1" type="stmt"/>
    </file>
  </project>
</coverage>
