TN:
SF:LinkedList.js
FN:7,(anonymous_0)
FN:12,(anonymous_1)
FN:18,(anonymous_2)
FN:23,(anonymous_3)
FN:32,(anonymous_4)
FN:41,(anonymous_5)
FN:51,(anonymous_6)
FN:64,(anonymous_7)
FN:76,(anonymous_8)
FNF:9
FNH:8
FNDA:14,(anonymous_0)
FNDA:37,(anonymous_1)
FNDA:2,(anonymous_2)
FNDA:4,(anonymous_3)
FNDA:4,(anonymous_4)
FNDA:12,(anonymous_5)
FNDA:0,(anonymous_6)
FNDA:38,(anonymous_7)
FNDA:13,(anonymous_8)
DA:8,14
DA:9,14
DA:13,37
DA:14,37
DA:15,37
DA:19,2
DA:20,2
DA:24,4
DA:26,3
DA:27,3
DA:28,1
DA:29,1
DA:33,4
DA:35,3
DA:36,3
DA:37,1
DA:38,1
DA:42,12
DA:44,6
DA:45,6
DA:46,7
DA:48,6
DA:52,0
DA:53,0
DA:54,0
DA:55,0
DA:56,0
DA:59,0
DA:65,38
DA:66,38
DA:76,1
DA:77,13
DA:78,13
DA:79,34
DA:82,13
DA:85,1
LF:36
LH:30
BRDA:24,0,0,1
BRDA:24,0,1,3
BRDA:27,1,0,2
BRDA:27,1,1,1
BRDA:33,2,0,1
BRDA:33,2,1,3
BRDA:36,3,0,2
BRDA:36,3,1,1
BRDA:42,4,0,6
BRDA:42,4,1,6
BRDA:42,5,0,12
BRDA:42,5,1,9
BRF:12
BRH:12
end_of_record
